starting own vrnn
/data/home/gbejara1/Documents/Research/Disaggregation/Dataport/VRNN_theano_version/datasets/dataport.py:3: UserWarning: 
This call to matplotlib.use() has no effect because the backend has already
been chosen; matplotlib.use() must be called *before* pylab, matplotlib.pyplot,
or matplotlib.backends is imported for the first time.

The backend was *originally* set to u'ps' by the following code:
  File "vrnn_disall-priorXt-schedSamp.py", line 19, in <module>
    from cle.cle.train.ext import (
  File "/data/home/gbejara1/Documents/Research/Disaggregation/UK-DALE/VRNN_theano_version/models/cle/cle/train/ext.py", line 12, in <module>
    plt.switch_backend('PS')
  File "/data/home/gbejara1/anaconda2/envs/latentVar/lib/python2.7/site-packages/matplotlib/pyplot.py", line 230, in switch_backend
    matplotlib.use(newbackend, warn=False, force=True)
  File "/data/home/gbejara1/anaconda2/envs/latentVar/lib/python2.7/site-packages/matplotlib/__init__.py", line 1305, in use
    reload(sys.modules['matplotlib.backends'])
  File "/data/home/gbejara1/anaconda2/envs/latentVar/lib/python2.7/site-packages/matplotlib/backends/__init__.py", line 14, in <module>
    line for line in traceback.format_stack()


  mpl.use('Agg')
WARNING (theano.gof.cmodule): WARNING: your Theano flags `gcc.cxxflags` specify an `-march=X` flags.
         It is better to let Theano/g++ find it automatically, but we don't do it now
WARNING: your Theano flags `gcc.cxxflags` specify an `-march=X` flags.
         It is better to let Theano/g++ find it automatically, but we don't do it now
Entering main loop
 MONITORING STEP. Elapsed time: 0.000000 epochs 0 batches seen 0
 Optimization parameters
 Learning rate: 0.010000
 Beta_1: 0.900000
 Beta_2: 0.999000
 initial_monitoring
 Elapsed time for monitoring all batches: 112.977199
 MONITORING STEP. Elapsed time: 5212.274394 epochs 10 batches seen 218
 Optimization parameters
 Learning rate: 0.010000
 Beta_1: 0.900000
 Beta_2: 0.999000
 this_batch_nll_upper_bound: -247.633386
 Elapsed time for monitoring all batches: 82.807961
 MONITORING STEP. Elapsed time: 5275.194598 epochs 20 batches seen 436
 Optimization parameters
 Learning rate: 0.010000
 Beta_1: 0.900000
 Beta_2: 0.999000
 this_batch_nll_upper_bound: -752.364464
 Elapsed time for monitoring all batches: 80.172190
 MONITORING STEP. Elapsed time: 5221.814023 epochs 31 batches seen 654
 Optimization parameters
 Learning rate: 0.010000
 Beta_1: 0.900000
 Beta_2: 0.999000
 this_batch_nll_upper_bound: -842.073892
 Elapsed time for monitoring all batches: 80.590058
 MONITORING STEP. Elapsed time: 5264.303942 epochs 41 batches seen 872
 Optimization parameters
 Learning rate: 0.010000
 Beta_1: 0.900000
 Beta_2: 0.999000
 this_batch_nll_upper_bound: -901.783473
 Elapsed time for monitoring all batches: 80.483598
 MONITORING STEP. Elapsed time: 5412.805328 epochs 51 batches seen 1090
 Optimization parameters
 Learning rate: 0.010000
 Beta_1: 0.900000
 Beta_2: 0.999000
 this_batch_nll_upper_bound: -853.997390
 Elapsed time for monitoring all batches: 80.522567
 MONITORING STEP. Elapsed time: 5297.398216 epochs 62 batches seen 1308
 Optimization parameters
 Learning rate: 0.010000
 Beta_1: 0.900000
 Beta_2: 0.999000
 this_batch_nll_upper_bound: -881.445480
 Elapsed time for monitoring all batches: 80.467425
 MONITORING STEP. Elapsed time: 5389.964773 epochs 72 batches seen 1526
 Optimization parameters
 Learning rate: 0.010000
 Beta_1: 0.900000
 Beta_2: 0.999000
 this_batch_nll_upper_bound: -901.516216
 Elapsed time for monitoring all batches: 90.972199
 MONITORING STEP. Elapsed time: 6273.182991 epochs 83 batches seen 1744
 Optimization parameters
 Learning rate: 0.010000
 Beta_1: 0.900000
 Beta_2: 0.999000
 this_batch_nll_upper_bound: -885.054669
 Elapsed time for monitoring all batches: 90.599988
 MONITORING STEP. Elapsed time: 6118.052609 epochs 93 batches seen 1962
 Optimization parameters
 Learning rate: 0.010000
 Beta_1: 0.900000
 Beta_2: 0.999000
 this_batch_nll_upper_bound: -942.607609
 Elapsed time for monitoring all batches: 90.098143
 MONITORING STEP. Elapsed time: 6151.620118 epochs 103 batches seen 2180
 Optimization parameters
 Learning rate: 0.010000
 Beta_1: 0.900000
 Beta_2: 0.999000
 this_batch_nll_upper_bound: -962.715330
 Elapsed time for monitoring all batches: 91.352980
 MONITORING STEP. Elapsed time: 6263.494230 epochs 114 batches seen 2398
 Optimization parameters
 Learning rate: 0.010000
 Beta_1: 0.900000
 Beta_2: 0.999000
 this_batch_nll_upper_bound: -951.044036
 Elapsed time for monitoring all batches: 90.783176
 MONITORING STEP. Elapsed time: 5983.451106 epochs 124 batches seen 2616
 Optimization parameters
 Learning rate: 0.010000
 Beta_1: 0.900000
 Beta_2: 0.999000
 this_batch_nll_upper_bound: -840.007666
 Elapsed time for monitoring all batches: 90.709705
 MONITORING STEP. Elapsed time: 6027.101865 epochs 134 batches seen 2834
 Optimization parameters
 Learning rate: 0.010000
 Beta_1: 0.900000
 Beta_2: 0.999000
 this_batch_nll_upper_bound: -1081.904238
 Elapsed time for monitoring all batches: 90.348041
 MONITORING STEP. Elapsed time: 6255.902069 epochs 145 batches seen 3052
 Optimization parameters
 Learning rate: 0.010000
 Beta_1: 0.900000
 Beta_2: 0.999000
 this_batch_nll_upper_bound: -1025.911462
 Elapsed time for monitoring all batches: 87.969109
 MONITORING STEP. Elapsed time: 5978.784054 epochs 155 batches seen 3270
 Optimization parameters
 Learning rate: 0.010000
 Beta_1: 0.900000
 Beta_2: 0.999000
 this_batch_nll_upper_bound: -884.308092
 Elapsed time for monitoring all batches: 86.920835
 MONITORING STEP. Elapsed time: 5890.259959 epochs 166 batches seen 3488
 Optimization parameters
 Learning rate: 0.010000
 Beta_1: 0.900000
 Beta_2: 0.999000
 this_batch_nll_upper_bound: -727.468127
 Elapsed time for monitoring all batches: 91.462350
 MONITORING STEP. Elapsed time: 6657.296053 epochs 176 batches seen 3706
 Optimization parameters
 Learning rate: 0.010000
 Beta_1: 0.900000
 Beta_2: 0.999000
 this_batch_nll_upper_bound: -723.282522
 Elapsed time for monitoring all batches: 95.966277
 MONITORING STEP. Elapsed time: 6171.375167 epochs 186 batches seen 3924
 Optimization parameters
 Learning rate: 0.010000
 Beta_1: 0.900000
 Beta_2: 0.999000
 this_batch_nll_upper_bound: -813.692479
 Elapsed time for monitoring all batches: 90.416762
 MONITORING STEP. Elapsed time: 6252.373363 epochs 197 batches seen 4142
 Optimization parameters
 Learning rate: 0.010000
 Beta_1: 0.900000
 Beta_2: 0.999000
 this_batch_nll_upper_bound: -672.003562
 Elapsed time for monitoring all batches: 100.760027
 MONITORING STEP. Elapsed time: 6383.615967 epochs 200 batches seen 4200
 Optimization parameters
 Learning rate: 0.010000
 Beta_1: 0.900000
 Beta_2: 0.999000
 this_batch_nll_upper_bound: -717.247263
 Elapsed time for monitoring all batches: 109.812034
 Saving model to: /data/home/gbejara1/Documents/Research/Disaggregation/Dataport/VRNN_theano_version/output/allAtOnce/18-05-21_19-50/vrnn_gmm_1.pkl
 Saving best model to: /data/home/gbejara1/Documents/Research/Disaggregation/Dataport/VRNN_theano_version/output/allAtOnce/18-05-21_19-50/vrnn_gmm_1_best.pkl
Terminating main loop
Closing remaining open files:/data/home/gbejara1/Documents/Research/Disaggregation/Dataport/datasets/dataid_3413_minute.h5...done
trial no. 1
batch size 200
learning rate 0.010000
saving pkl file 'vrnn_gmm_1'
to the save path '/data/home/gbejara1/Documents/Research/Disaggregation/Dataport/VRNN_theano_version/output/allAtOnce/18-05-21_19-50'
{3413: ('2015-01-01', '2016-01-01')}
3413
525239
('Indexes: ', 262620, 393929, 525239)
('Shapes before filtering ', (4376, 60), (2188, 60), (2189, 60), (4376, 60, 8), (2188, 60, 8), (2189, 60, 8))
('cond array shape ', (8, 4376, 60))
('len index ', 1, ' shape ', 4376)
('cond array shape ', (8, 2188, 60))
('len index ', 1, ' shape ', 2188)
('cond array shape ', (8, 2189, 60))
('len index ', 1, ' shape ', 2189)
('Shapes after filtering all at once ', (4376, 60), (2188, 60), (2189, 60), (4376, 60, 8), (2188, 60, 8), (2189, 60, 8))
('One more building ', (4376, 60), (2188, 60), (2189, 60), (4376, 60, 8), (2188, 60, 8), (2189, 60, 8))
((4376, 60), (2188, 60), (2189, 60), (4376, 60, 8), (2188, 60, 8), (2189, 60, 8))
[ 0.23762107  0.34311916  0.0990737   0.00177697  0.04642138  0.00748977
  0.00078528  0.00649653]
[ 0.54684531  0.09596634  0.08654597  0.01565297  0.47461131  0.07772243
  0.02090567  0.03596095]
(40, 38)
(<type 'list'>, 5)
Elapsed compilation time: 20658.219525
10
nll_upper_bound: 685.44118964 recon_term: 634.440705898 kl_term: 51.000483742 mse1: 2.13226287504 mae1: 1.13545996359 mse2: 2.13712124465 mae2: 1.10396963989 mse3: 2.13876719734 mae3: 1.09761796633 mse4: 1.9759839188 mae4: 0.932385630235 mse5: 2.02153200255 mae5: 0.914047583446 mse6: 2.18310531004 mae6: 1.10706872471 mse7: 1.91489063805 mae7: 0.905108450876 mse8: 2.02559233435 mae8: 0.91560796182 
Epoch: 1 - seched rate: 0.967741935484
Epoch: 2 - seched rate: 0.967741935484
Epoch: 3 - seched rate: 0.967741935484
Epoch: 4 - seched rate: 0.967741935484
Epoch: 5 - seched rate: 0.967741935484
Epoch: 6 - seched rate: 0.967741935484
Epoch: 7 - seched rate: 0.967741935484
Epoch: 8 - seched rate: 0.967741935484
Epoch: 9 - seched rate: 0.967741935484
Epoch: 10 - seched rate: 0.967741935484
10
nll_upper_bound: -620.206928326 recon_term: -620.655303973 kl_term: 0.448375647035 mse1: 1.30994490868 mae1: 0.661950620334 mse2: 1.69122452758 mae2: 0.675937913367 mse3: 1.80846744065 mae3: 0.879700325502 mse4: 1.20512284134 mae4: 0.196151502676 mse5: 1.23088562788 mae5: 0.20564924634 mse6: 1.29569433877 mae6: 0.770746188234 mse7: 0.959802873338 mae7: 0.225067294809 mse8: 1.08214246675 mae8: 0.208003365387 
Epoch: 11 - seched rate: 0.967741935484
Epoch: 12 - seched rate: 0.967741935484
Epoch: 13 - seched rate: 0.967741935484
Epoch: 14 - seched rate: 0.967741935484
Epoch: 15 - seched rate: 0.967741935484
Epoch: 16 - seched rate: 0.967741935484
Epoch: 17 - seched rate: 0.967741935484
Epoch: 18 - seched rate: 0.967741935484
Epoch: 19 - seched rate: 0.967741935484
Epoch: 20 - seched rate: 0.967741935484
10
nll_upper_bound: -731.671791248 recon_term: -731.816734691 kl_term: 0.144943442541 mse1: 0.815791297557 mae1: 0.448264713073 mse2: 1.36591873555 mae2: 0.553874543709 mse3: 1.70530723858 mae3: 0.787412664787 mse4: 1.59711557072 mae4: 0.219737324224 mse5: 1.54491593926 mae5: 0.167332590437 mse6: 1.46559214317 mae6: 0.764756591246 mse7: 0.952021605737 mae7: 0.178542646426 mse8: 1.1215048699 mae8: 0.16509279222 
Epoch: 21 - seched rate: 0.967741935484
Epoch: 22 - seched rate: 0.967741935484
Epoch: 23 - seched rate: 0.967741935484
Epoch: 24 - seched rate: 0.967741935484
Epoch: 25 - seched rate: 0.967741935484
Epoch: 26 - seched rate: 0.967741935484
Epoch: 27 - seched rate: 0.967741935484
Epoch: 28 - seched rate: 0.967741935484
Epoch: 29 - seched rate: 0.967741935484
Epoch: 30 - seched rate: 0.916918564284
Epoch: 31 - seched rate: 0.916918564284
10
nll_upper_bound: -968.365016794 recon_term: -969.263454033 kl_term: 0.898437238458 mse1: 1.0423678228 mae1: 0.491554332586 mse2: 1.16064577328 mae2: 0.509399596447 mse3: 1.31315781697 mae3: 0.618770754826 mse4: 1.60426581935 mae4: 0.231799669183 mse5: 1.27847793639 mae5: 0.135806342494 mse6: 1.41933753395 mae6: 0.758757160829 mse7: 0.948258437243 mae7: 0.175314834533 mse8: 1.04600881257 mae8: 0.150576172321 
Epoch: 32 - seched rate: 0.916918564284
Epoch: 33 - seched rate: 0.916918564284
Epoch: 34 - seched rate: 0.916918564284
Epoch: 35 - seched rate: 0.916918564284
Epoch: 36 - seched rate: 0.916918564284
Epoch: 37 - seched rate: 0.916918564284
Epoch: 38 - seched rate: 0.916918564284
Epoch: 39 - seched rate: 0.916918564284
Epoch: 40 - seched rate: 0.916918564284
Epoch: 41 - seched rate: 0.916918564284
10
nll_upper_bound: -1054.91398274 recon_term: -1054.95426557 kl_term: 0.0402828315596 mse1: 1.01601889936 mae1: 0.447545688412 mse2: 1.60106839574 mae2: 0.63121913176 mse3: 1.6533163546 mae3: 0.791357295381 mse4: 1.31558699634 mae4: 0.1840404279 mse5: 1.17375457144 mae5: 0.174285179152 mse6: 1.51672105122 mae6: 0.779078490105 mse7: 0.935816222207 mae7: 0.180804849525 mse8: 1.18388434865 mae8: 0.159982626035 
Epoch: 42 - seched rate: 0.916918564284
Epoch: 43 - seched rate: 0.916918564284
Epoch: 44 - seched rate: 0.916918564284
Epoch: 45 - seched rate: 0.916918564284
Epoch: 46 - seched rate: 0.916918564284
Epoch: 47 - seched rate: 0.916918564284
Epoch: 48 - seched rate: 0.916918564284
Epoch: 49 - seched rate: 0.916918564284
Epoch: 50 - seched rate: 0.916918564284
Epoch: 51 - seched rate: 0.916918564284
10
nll_upper_bound: -859.973951198 recon_term: -860.010781956 kl_term: 0.0368307574787 mse1: 0.905554655888 mae1: 0.742936527887 mse2: 1.48707605449 mae2: 0.5824277629 mse3: 1.48514273702 mae3: 0.690569579104 mse4: 1.23585569631 mae4: 0.319803923701 mse5: 1.34197013956 mae5: 0.165269756693 mse6: 1.48756624853 mae6: 0.773921246731 mse7: 0.958104635997 mae7: 0.177740140965 mse8: 1.10885155573 mae8: 0.165438750222 
Epoch: 52 - seched rate: 0.916918564284
Epoch: 53 - seched rate: 0.916918564284
Epoch: 54 - seched rate: 0.916918564284
Epoch: 55 - seched rate: 0.916918564284
Epoch: 56 - seched rate: 0.916918564284
Epoch: 57 - seched rate: 0.916918564284
Epoch: 58 - seched rate: 0.916918564284
Epoch: 59 - seched rate: 0.916918564284
Epoch: 60 - seched rate: 0.802373826197
Epoch: 61 - seched rate: 0.802373826197
Epoch: 62 - seched rate: 0.802373826197
10
nll_upper_bound: -695.348432475 recon_term: -695.459689669 kl_term: 0.111257193663 mse1: 0.880104715427 mae1: 0.460561398351 mse2: 1.52960987046 mae2: 0.614676294587 mse3: 1.55086431989 mae3: 0.680273675555 mse4: 1.1020593685 mae4: 0.172412606937 mse5: 1.11671648331 mae5: 0.135888207948 mse6: 1.32987367551 mae6: 0.764193678419 mse7: 0.934288160002 mae7: 0.173139113099 mse8: 1.11232490185 mae8: 0.161608530625 
Epoch: 63 - seched rate: 0.802373826197
Epoch: 64 - seched rate: 0.802373826197
Epoch: 65 - seched rate: 0.802373826197
Epoch: 66 - seched rate: 0.802373826197
Epoch: 67 - seched rate: 0.802373826197
Epoch: 68 - seched rate: 0.802373826197
Epoch: 69 - seched rate: 0.802373826197
Epoch: 70 - seched rate: 0.802373826197
Epoch: 71 - seched rate: 0.802373826197
Epoch: 72 - seched rate: 0.802373826197
10
nll_upper_bound: -959.405157985 recon_term: -960.224755261 kl_term: 0.819597276341 mse1: 0.9375069486 mae1: 0.455716682353 mse2: 1.57437420287 mae2: 0.619021424432 mse3: 1.56618463262 mae3: 0.708740653477 mse4: 1.03675273096 mae4: 0.196690193792 mse5: 1.41290880027 mae5: 0.196358859111 mse6: 1.29439556704 mae6: 0.755153898059 mse7: 0.935905145147 mae7: 0.178169040498 mse8: 1.08605731686 mae8: 0.166092191441 
Epoch: 73 - seched rate: 0.802373826197
Epoch: 74 - seched rate: 0.802373826197
Epoch: 75 - seched rate: 0.802373826197
Epoch: 76 - seched rate: 0.802373826197
Epoch: 77 - seched rate: 0.802373826197
Epoch: 78 - seched rate: 0.802373826197
Epoch: 79 - seched rate: 0.802373826197
Epoch: 80 - seched rate: 0.802373826197
Epoch: 81 - seched rate: 0.802373826197
Epoch: 82 - seched rate: 0.802373826197
Epoch: 83 - seched rate: 0.802373826197
10
nll_upper_bound: -1301.43387126 recon_term: -1301.43831294 kl_term: 0.00444168051276 mse1: 0.853199320919 mae1: 0.397862418878 mse2: 1.51756110328 mae2: 0.595871055531 mse3: 1.77461890221 mae3: 0.838734694785 mse4: 1.0078898975 mae4: 0.165368253985 mse5: 1.27620081645 mae5: 0.144169017591 mse6: 1.42861532392 mae6: 0.766847662188 mse7: 0.945935651719 mae7: 0.183569952633 mse8: 1.12032116758 mae8: 0.15772093612 
Epoch: 84 - seched rate: 0.802373826197
Epoch: 85 - seched rate: 0.802373826197
Epoch: 86 - seched rate: 0.802373826197
Epoch: 87 - seched rate: 0.802373826197
Epoch: 88 - seched rate: 0.802373826197
Epoch: 89 - seched rate: 0.802373826197
Epoch: 90 - seched rate: 0.598975309899
Epoch: 91 - seched rate: 0.598975309899
Epoch: 92 - seched rate: 0.598975309899
Epoch: 93 - seched rate: 0.598975309899
10
nll_upper_bound: -1123.01569051 recon_term: -1123.01912804 kl_term: 0.00343753023579 mse1: 1.21189090783 mae1: 0.569528244226 mse2: 1.56802209796 mae2: 0.61077727604 mse3: 1.81805638579 mae3: 0.83656247035 mse4: 1.6029362672 mae4: 0.315389709399 mse5: 1.30344201602 mae5: 0.149230756764 mse6: 1.52946415536 mae6: 0.777978530352 mse7: 0.948353110623 mae7: 0.181336783469 mse8: 1.10674927338 mae8: 0.15822230762 
Epoch: 94 - seched rate: 0.598975309899
Epoch: 95 - seched rate: 0.598975309899
Epoch: 96 - seched rate: 0.598975309899
Epoch: 97 - seched rate: 0.598975309899
Epoch: 98 - seched rate: 0.598975309899
Epoch: 99 - seched rate: 0.598975309899
Epoch: 100 - seched rate: 0.598975309899
Epoch: 101 - seched rate: 0.598975309899
Epoch: 102 - seched rate: 0.598975309899
Epoch: 103 - seched rate: 0.598975309899
10
nll_upper_bound: -1239.66349233 recon_term: -1239.6706026 kl_term: 0.00711027070196 mse1: 0.737342206577 mae1: 0.355503078726 mse2: 1.62973815569 mae2: 0.581737703488 mse3: 1.56534106515 mae3: 0.665428593889 mse4: 1.32078899866 mae4: 0.245775469347 mse5: 1.28618432018 mae5: 0.144533155905 mse6: 1.43843821563 mae6: 0.767285389502 mse7: 0.946262121302 mae7: 0.186526370311 mse8: 1.08585154483 mae8: 0.158108082494 
Epoch: 104 - seched rate: 0.598975309899
Epoch: 105 - seched rate: 0.598975309899
Epoch: 106 - seched rate: 0.598975309899
Epoch: 107 - seched rate: 0.598975309899
Epoch: 108 - seched rate: 0.598975309899
Epoch: 109 - seched rate: 0.598975309899
Epoch: 110 - seched rate: 0.598975309899
Epoch: 111 - seched rate: 0.598975309899
Epoch: 112 - seched rate: 0.598975309899
Epoch: 113 - seched rate: 0.598975309899
Epoch: 114 - seched rate: 0.598975309899
10
nll_upper_bound: -1099.06838276 recon_term: -1099.0715066 kl_term: 0.00312383177218 mse1: 0.617108880817 mae1: 0.302139104267 mse2: 1.50905530615 mae2: 0.586352567753 mse3: 1.73950050181 mae3: 0.739141969193 mse4: 1.26298481734 mae4: 0.177138055683 mse5: 1.66269594699 mae5: 0.424699313364 mse6: 1.47436909218 mae6: 0.774597886987 mse7: 0.938104715241 mae7: 0.18507524458 mse8: 1.06421999639 mae8: 0.150306551415 
Epoch: 115 - seched rate: 0.598975309899
Epoch: 116 - seched rate: 0.598975309899
Epoch: 117 - seched rate: 0.598975309899
Epoch: 118 - seched rate: 0.598975309899
Epoch: 119 - seched rate: 0.598975309899
Epoch: 120 - seched rate: 0.354617683581
Epoch: 121 - seched rate: 0.354617683581
Epoch: 122 - seched rate: 0.354617683581
Epoch: 123 - seched rate: 0.354617683581
Epoch: 124 - seched rate: 0.354617683581
10
nll_upper_bound: -810.158265666 recon_term: -810.16499878 kl_term: 0.0067331135404 mse1: 0.679417300278 mae1: 0.340033617627 mse2: 1.46360882977 mae2: 0.580162554695 mse3: 1.67409913876 mae3: 0.824094979689 mse4: 0.918962960372 mae4: 0.144142017004 mse5: 1.02862502659 mae5: 0.133310606128 mse6: 1.42285311943 mae6: 0.772247915699 mse7: 1.0022381413 mae7: 0.195826001605 mse8: 1.05304289465 mae8: 0.15633411545 
Epoch: 125 - seched rate: 0.354617683581
Epoch: 126 - seched rate: 0.354617683581
Epoch: 127 - seched rate: 0.354617683581
Epoch: 128 - seched rate: 0.354617683581
Epoch: 129 - seched rate: 0.354617683581
Epoch: 130 - seched rate: 0.354617683581
Epoch: 131 - seched rate: 0.354617683581
Epoch: 132 - seched rate: 0.354617683581
Epoch: 133 - seched rate: 0.354617683581
Epoch: 134 - seched rate: 0.354617683581
10
nll_upper_bound: -1195.0236893 recon_term: -1195.02517736 kl_term: 0.00148806031288 mse1: 0.691125107122 mae1: 0.309743071813 mse2: 1.54282785747 mae2: 0.593202435449 mse3: 1.91309759335 mae3: 0.864496696002 mse4: 1.26327530295 mae4: 0.17834028935 mse5: 1.35260127935 mae5: 0.162530286688 mse6: 1.70959337176 mae6: 0.799187425191 mse7: 1.13311973883 mae7: 0.210943616741 mse8: 1.20668005873 mae8: 0.16787050467 
Epoch: 135 - seched rate: 0.354617683581
Epoch: 136 - seched rate: 0.354617683581
Epoch: 137 - seched rate: 0.354617683581
Epoch: 138 - seched rate: 0.354617683581
Epoch: 139 - seched rate: 0.354617683581
Epoch: 140 - seched rate: 0.354617683581
Epoch: 141 - seched rate: 0.354617683581
Epoch: 142 - seched rate: 0.354617683581
Epoch: 143 - seched rate: 0.354617683581
Epoch: 144 - seched rate: 0.354617683581
Epoch: 145 - seched rate: 0.354617683581
10
nll_upper_bound: -840.55572755 recon_term: -840.558010834 kl_term: 0.00228328403299 mse1: 1.71518449945 mae1: 1.04210228878 mse2: 1.36506348653 mae2: 0.582462576822 mse3: 1.68164525552 mae3: 0.750044729197 mse4: 1.17003660953 mae4: 0.164642493653 mse5: 2.00680888354 mae5: 0.271506980276 mse6: 1.73915319882 mae6: 0.811642194378 mse7: 1.21321358626 mae7: 0.305596303491 mse8: 1.21711779131 mae8: 0.165327654613 
Epoch: 146 - seched rate: 0.354617683581
Epoch: 147 - seched rate: 0.354617683581
Epoch: 148 - seched rate: 0.354617683581
Epoch: 149 - seched rate: 0.354617683581
Epoch: 150 - seched rate: 0.168149032005
Epoch: 151 - seched rate: 0.168149032005
Epoch: 152 - seched rate: 0.168149032005
Epoch: 153 - seched rate: 0.168149032005
Epoch: 154 - seched rate: 0.168149032005
Epoch: 155 - seched rate: 0.168149032005
10
nll_upper_bound: -1228.96451229 recon_term: -1228.96655038 kl_term: 0.00203809102931 mse1: 0.730167516515 mae1: 0.374203554171 mse2: 1.45476627976 mae2: 0.571514658045 mse3: 1.70494276363 mae3: 0.774520900543 mse4: 1.22309998255 mae4: 0.200555708427 mse5: 1.39469762436 mae5: 0.157574745874 mse6: 1.68552231991 mae6: 0.801207381454 mse7: 1.09580556144 mae7: 0.239122402818 mse8: 1.19440288365 mae8: 0.168095588272 
Epoch: 156 - seched rate: 0.168149032005
Epoch: 157 - seched rate: 0.168149032005
Epoch: 158 - seched rate: 0.168149032005
Epoch: 159 - seched rate: 0.168149032005
Epoch: 160 - seched rate: 0.168149032005
Epoch: 161 - seched rate: 0.168149032005
Epoch: 162 - seched rate: 0.168149032005
Epoch: 163 - seched rate: 0.168149032005
Epoch: 164 - seched rate: 0.168149032005
Epoch: 165 - seched rate: 0.168149032005
Epoch: 166 - seched rate: 0.168149032005
10
nll_upper_bound: -288.727558058 recon_term: -288.842705966 kl_term: 0.115147908792 mse1: 0.943208019843 mae1: 0.44027045938 mse2: 1.52759155863 mae2: 0.614869834098 mse3: 2.2427767228 mae3: 0.901857570395 mse4: 1.25510166535 mae4: 0.27512139149 mse5: 1.31058227651 mae5: 0.250977169912 mse6: 1.9585887955 mae6: 0.831800376788 mse7: 1.76086467131 mae7: 0.274943892548 mse8: 1.29078944918 mae8: 0.169868257371 
Epoch: 167 - seched rate: 0.168149032005
Epoch: 168 - seched rate: 0.168149032005
Epoch: 169 - seched rate: 0.168149032005
Epoch: 170 - seched rate: 0.168149032005
Epoch: 171 - seched rate: 0.168149032005
Epoch: 172 - seched rate: 0.168149032005
Epoch: 173 - seched rate: 0.168149032005
Epoch: 174 - seched rate: 0.168149032005
Epoch: 175 - seched rate: 0.168149032005
Epoch: 176 - seched rate: 0.168149032005
10
nll_upper_bound: -897.772117133 recon_term: -897.773318928 kl_term: 0.00120179522677 mse1: 0.791598606967 mae1: 0.357725205607 mse2: 1.40364891831 mae2: 0.574127609089 mse3: 1.72403369873 mae3: 0.790502604722 mse4: 1.08151076004 mae4: 0.159716465432 mse5: 1.40890484809 mae5: 0.162816588999 mse6: 1.9378059011 mae6: 0.80164907085 mse7: 1.14552288736 mae7: 0.213795695909 mse8: 1.31076770016 mae8: 0.174589448932 
Epoch: 177 - seched rate: 0.168149032005
Epoch: 178 - seched rate: 0.168149032005
Epoch: 179 - seched rate: 0.168149032005
Epoch: 180 - seched rate: 0.0692155215583
Epoch: 181 - seched rate: 0.0692155215583
Epoch: 182 - seched rate: 0.0692155215583
Epoch: 183 - seched rate: 0.0692155215583
Epoch: 184 - seched rate: 0.0692155215583
Epoch: 185 - seched rate: 0.0692155215583
Epoch: 186 - seched rate: 0.0692155215583
10
nll_upper_bound: -1004.90114171 recon_term: -1004.90143341 kl_term: 0.000291699960808 mse1: 0.723707512413 mae1: 0.344083508085 mse2: 1.38945395485 mae2: 0.568720598984 mse3: 1.34136471154 mae3: 0.694691886058 mse4: 2.00568673805 mae4: 0.406060377018 mse5: 1.49934690245 mae5: 0.165750337755 mse6: 2.14128885065 mae6: 1.00390889833 mse7: 1.01510256439 mae7: 0.188651816589 mse8: 1.23518923559 mae8: 0.166730320852 
Epoch: 187 - seched rate: 0.0692155215583
Epoch: 188 - seched rate: 0.0692155215583
Epoch: 189 - seched rate: 0.0692155215583
Epoch: 190 - seched rate: 0.0692155215583
Epoch: 191 - seched rate: 0.0692155215583
Epoch: 192 - seched rate: 0.0692155215583
Epoch: 193 - seched rate: 0.0692155215583
Epoch: 194 - seched rate: 0.0692155215583
Epoch: 195 - seched rate: 0.0692155215583
Epoch: 196 - seched rate: 0.0692155215583
Epoch: 197 - seched rate: 0.0692155215583
10
nll_upper_bound: -2.27290484275 recon_term: -2.27292708044 kl_term: 2.22376849107e-05 mse1: 0.888538749427 mae1: 0.543802442905 mse2: 1.43308255273 mae2: 0.569605322067 mse3: 1.62638696409 mae3: 0.844024449654 mse4: 1.28473821985 mae4: 0.288425019226 mse5: 1.05564564265 mae5: 0.171341253543 mse6: 2.79425675747 mae6: 1.26725281478 mse7: 1.04256341632 mae7: 0.177533479718 mse8: 1.30319388518 mae8: 0.16901437114 
Epoch: 198 - seched rate: 0.0692155215583
Epoch: 199 - seched rate: 0.0692155215583
Epoch: 200 - seched rate: 0.0692155215583
10
nll_upper_bound: -819.634592664 recon_term: -819.634636663 kl_term: 4.39999590265e-05 mse1: 0.791259875026 mae1: 0.375706682213 mse2: 1.31045387178 mae2: 0.543241884444 mse3: 1.75459868893 mae3: 0.874838852419 mse4: 1.32825200683 mae4: 0.209551948261 mse5: 1.13981052146 mae5: 0.140557564039 mse6: 1.33586397141 mae6: 0.763455864826 mse7: 1.17572692143 mae7: 0.225120068777 mse8: 1.32733752317 mae8: 0.173588757611 
(10, 35)
(10, 16)
(1.378717807590321, 0.32055255953546691)
66.9282820628
ending
