starting own vrnn
/data/home/gbejara1/Documents/Research/Disaggregation/Dataport/VRNN_theano_version/datasets/dataport.py:3: UserWarning: 
This call to matplotlib.use() has no effect because the backend has already
been chosen; matplotlib.use() must be called *before* pylab, matplotlib.pyplot,
or matplotlib.backends is imported for the first time.

The backend was *originally* set to u'ps' by the following code:
  File "vrnn_diss1-priorXt-schedSamp.py", line 18, in <module>
    from cle.cle.train.ext import (
  File "/data/home/gbejara1/Documents/Research/Disaggregation/UK-DALE/VRNN_theano_version/models/cle/cle/train/ext.py", line 12, in <module>
    plt.switch_backend('PS')
  File "/data/home/gbejara1/anaconda2/envs/latentVar/lib/python2.7/site-packages/matplotlib/pyplot.py", line 230, in switch_backend
    matplotlib.use(newbackend, warn=False, force=True)
  File "/data/home/gbejara1/anaconda2/envs/latentVar/lib/python2.7/site-packages/matplotlib/__init__.py", line 1305, in use
    reload(sys.modules['matplotlib.backends'])
  File "/data/home/gbejara1/anaconda2/envs/latentVar/lib/python2.7/site-packages/matplotlib/backends/__init__.py", line 14, in <module>
    line for line in traceback.format_stack()


  mpl.use('Agg')
WARNING (theano.gof.cmodule): WARNING: your Theano flags `gcc.cxxflags` specify an `-march=X` flags.
         It is better to let Theano/g++ find it automatically, but we don't do it now
WARNING: your Theano flags `gcc.cxxflags` specify an `-march=X` flags.
         It is better to let Theano/g++ find it automatically, but we don't do it now
Entering main loop
 MONITORING STEP. Elapsed time: 0.000000 epochs 0 batches seen 0
 Optimization parameters
 Learning rate: 0.001000
 Beta_1: 0.900000
 Beta_2: 0.999000
 initial_monitoring
 Elapsed time for monitoring all batches: 31.753915
 Saving model to: /data/home/gbejara1/Documents/Research/Disaggregation/Dataport/VRNN_theano_version/output/gmmAE/18-05-30_09-53_app0/dp_dis1-sch_1.pkl
 MONITORING STEP. Elapsed time: 1687.119191 epochs 10 batches seen 510
 Optimization parameters
 Learning rate: 0.001000
 Beta_1: 0.900000
 Beta_2: 0.999000
 this_batch_recon_term: -19.825770
 this_batch_kl_term: 0.585291
 this_batch_nll_upper_bound: -19.240479
 this_batch_mse: 0.694812
 this_batch_mae: 0.481760
 Elapsed time for monitoring all batches: 20.045291
 Saving model to: /data/home/gbejara1/Documents/Research/Disaggregation/Dataport/VRNN_theano_version/output/gmmAE/18-05-30_09-53_app0/dp_dis1-sch_1.pkl
 Saving best model to: /data/home/gbejara1/Documents/Research/Disaggregation/Dataport/VRNN_theano_version/output/gmmAE/18-05-30_09-53_app0/dp_dis1-sch_1_best.pkl
 MONITORING STEP. Elapsed time: 1682.435593 epochs 20 batches seen 1020
 Optimization parameters
 Learning rate: 0.001000
 Beta_1: 0.900000
 Beta_2: 0.999000
 this_batch_recon_term: -57.656057
 this_batch_kl_term: 0.707542
 this_batch_nll_upper_bound: -56.948515
 this_batch_mse: 0.284159
 this_batch_mae: 0.227410
 Elapsed time for monitoring all batches: 19.755947
 Saving model to: /data/home/gbejara1/Documents/Research/Disaggregation/Dataport/VRNN_theano_version/output/gmmAE/18-05-30_09-53_app0/dp_dis1-sch_1.pkl
 Saving best model to: /data/home/gbejara1/Documents/Research/Disaggregation/Dataport/VRNN_theano_version/output/gmmAE/18-05-30_09-53_app0/dp_dis1-sch_1_best.pkl
 MONITORING STEP. Elapsed time: 1676.512054 epochs 30 batches seen 1530
 Optimization parameters
 Learning rate: 0.001000
 Beta_1: 0.900000
 Beta_2: 0.999000
 this_batch_recon_term: -67.813293
 this_batch_kl_term: 0.622470
 this_batch_nll_upper_bound: -67.190823
 this_batch_mse: 0.192341
 this_batch_mae: 0.164527
 Elapsed time for monitoring all batches: 19.913673
 Saving model to: /data/home/gbejara1/Documents/Research/Disaggregation/Dataport/VRNN_theano_version/output/gmmAE/18-05-30_09-53_app0/dp_dis1-sch_1.pkl
 MONITORING STEP. Elapsed time: 1682.030182 epochs 40 batches seen 2040
 Optimization parameters
 Learning rate: 0.001000
 Beta_1: 0.900000
 Beta_2: 0.999000
 this_batch_recon_term: -71.423420
 this_batch_kl_term: 0.469897
 this_batch_nll_upper_bound: -70.953523
 this_batch_mse: 0.167321
 this_batch_mae: 0.147018
 Elapsed time for monitoring all batches: 19.579750
 Saving model to: /data/home/gbejara1/Documents/Research/Disaggregation/Dataport/VRNN_theano_version/output/gmmAE/18-05-30_09-53_app0/dp_dis1-sch_1.pkl
 Saving best model to: /data/home/gbejara1/Documents/Research/Disaggregation/Dataport/VRNN_theano_version/output/gmmAE/18-05-30_09-53_app0/dp_dis1-sch_1_best.pkl
 MONITORING STEP. Elapsed time: 1676.431493 epochs 51 batches seen 2550
 Optimization parameters
 Learning rate: 0.001000
 Beta_1: 0.900000
 Beta_2: 0.999000
 this_batch_recon_term: -73.753376
 this_batch_kl_term: 0.813223
 this_batch_nll_upper_bound: -72.940152
 this_batch_mse: 0.147065
 this_batch_mae: 0.136153
 Elapsed time for monitoring all batches: 19.443113
 Saving model to: /data/home/gbejara1/Documents/Research/Disaggregation/Dataport/VRNN_theano_version/output/gmmAE/18-05-30_09-53_app0/dp_dis1-sch_1.pkl
 MONITORING STEP. Elapsed time: 1670.184752 epochs 61 batches seen 3060
 Optimization parameters
 Learning rate: 0.001000
 Beta_1: 0.900000
 Beta_2: 0.999000
 this_batch_recon_term: -75.312649
 this_batch_kl_term: 0.690091
 this_batch_nll_upper_bound: -74.622559
 this_batch_mse: 0.140649
 this_batch_mae: 0.137750
 Elapsed time for monitoring all batches: 19.833444
 Saving model to: /data/home/gbejara1/Documents/Research/Disaggregation/Dataport/VRNN_theano_version/output/gmmAE/18-05-30_09-53_app0/dp_dis1-sch_1.pkl
 Saving best model to: /data/home/gbejara1/Documents/Research/Disaggregation/Dataport/VRNN_theano_version/output/gmmAE/18-05-30_09-53_app0/dp_dis1-sch_1_best.pkl
 MONITORING STEP. Elapsed time: 1669.112215 epochs 71 batches seen 3570
 Optimization parameters
 Learning rate: 0.001000
 Beta_1: 0.900000
 Beta_2: 0.999000
 this_batch_recon_term: -80.124800
 this_batch_kl_term: 0.445095
 this_batch_nll_upper_bound: -79.679705
 this_batch_mse: 0.125313
 this_batch_mae: 0.122928
 Elapsed time for monitoring all batches: 19.613709
 Saving model to: /data/home/gbejara1/Documents/Research/Disaggregation/Dataport/VRNN_theano_version/output/gmmAE/18-05-30_09-53_app0/dp_dis1-sch_1.pkl
 MONITORING STEP. Elapsed time: 1701.425026 epochs 81 batches seen 4080
 Optimization parameters
 Learning rate: 0.001000
 Beta_1: 0.900000
 Beta_2: 0.999000
 this_batch_recon_term: -83.416207
 this_batch_kl_term: 1.051305
 this_batch_nll_upper_bound: -82.364902
 this_batch_mse: 0.136362
 this_batch_mae: 0.125643
 Elapsed time for monitoring all batches: 19.725029
 Saving model to: /data/home/gbejara1/Documents/Research/Disaggregation/Dataport/VRNN_theano_version/output/gmmAE/18-05-30_09-53_app0/dp_dis1-sch_1.pkl
 Saving best model to: /data/home/gbejara1/Documents/Research/Disaggregation/Dataport/VRNN_theano_version/output/gmmAE/18-05-30_09-53_app0/dp_dis1-sch_1_best.pkl
 MONITORING STEP. Elapsed time: 1754.939787 epochs 91 batches seen 4590
 Optimization parameters
 Learning rate: 0.001000
 Beta_1: 0.900000
 Beta_2: 0.999000
 this_batch_recon_term: -83.782878
 this_batch_kl_term: 0.418655
 this_batch_nll_upper_bound: -83.364223
 this_batch_mse: 0.153814
 this_batch_mae: 0.139222
 Elapsed time for monitoring all batches: 21.458999
 Saving model to: /data/home/gbejara1/Documents/Research/Disaggregation/Dataport/VRNN_theano_version/output/gmmAE/18-05-30_09-53_app0/dp_dis1-sch_1.pkl
 Saving best model to: /data/home/gbejara1/Documents/Research/Disaggregation/Dataport/VRNN_theano_version/output/gmmAE/18-05-30_09-53_app0/dp_dis1-sch_1_best.pkl
 MONITORING STEP. Elapsed time: 1852.436525 epochs 102 batches seen 5100
 Optimization parameters
 Learning rate: 0.000100
 Beta_1: 0.900000
 Beta_2: 0.999000
 this_batch_recon_term: -87.771385
 this_batch_kl_term: 0.592588
 this_batch_nll_upper_bound: -87.178797
 this_batch_mse: 0.128165
 this_batch_mae: 0.120335
 Elapsed time for monitoring all batches: 21.444135
 Saving model to: /data/home/gbejara1/Documents/Research/Disaggregation/Dataport/VRNN_theano_version/output/gmmAE/18-05-30_09-53_app0/dp_dis1-sch_1.pkl
 Saving best model to: /data/home/gbejara1/Documents/Research/Disaggregation/Dataport/VRNN_theano_version/output/gmmAE/18-05-30_09-53_app0/dp_dis1-sch_1_best.pkl
 MONITORING STEP. Elapsed time: 1846.581230 epochs 112 batches seen 5610
 Optimization parameters
 Learning rate: 0.000100
 Beta_1: 0.900000
 Beta_2: 0.999000
 this_batch_recon_term: -99.684402
 this_batch_kl_term: 0.225982
 this_batch_nll_upper_bound: -99.458420
 this_batch_mse: 0.116320
 this_batch_mae: 0.106804
 Elapsed time for monitoring all batches: 21.459272
 Saving model to: /data/home/gbejara1/Documents/Research/Disaggregation/Dataport/VRNN_theano_version/output/gmmAE/18-05-30_09-53_app0/dp_dis1-sch_1.pkl
 Saving best model to: /data/home/gbejara1/Documents/Research/Disaggregation/Dataport/VRNN_theano_version/output/gmmAE/18-05-30_09-53_app0/dp_dis1-sch_1_best.pkl
 MONITORING STEP. Elapsed time: 1864.660684 epochs 122 batches seen 6120
 Optimization parameters
 Learning rate: 0.000100
 Beta_1: 0.900000
 Beta_2: 0.999000
 this_batch_recon_term: -99.877755
 this_batch_kl_term: 0.236078
 this_batch_nll_upper_bound: -99.641677
 this_batch_mse: 0.114799
 this_batch_mae: 0.105359
 Elapsed time for monitoring all batches: 21.326473
 Saving model to: /data/home/gbejara1/Documents/Research/Disaggregation/Dataport/VRNN_theano_version/output/gmmAE/18-05-30_09-53_app0/dp_dis1-sch_1.pkl
 Saving best model to: /data/home/gbejara1/Documents/Research/Disaggregation/Dataport/VRNN_theano_version/output/gmmAE/18-05-30_09-53_app0/dp_dis1-sch_1_best.pkl
 MONITORING STEP. Elapsed time: 1852.794125 epochs 132 batches seen 6630
 Optimization parameters
 Learning rate: 0.000100
 Beta_1: 0.900000
 Beta_2: 0.999000
 this_batch_recon_term: -100.185855
 this_batch_kl_term: 0.241960
 this_batch_nll_upper_bound: -99.943895
 this_batch_mse: 0.112330
 this_batch_mae: 0.104745
 Elapsed time for monitoring all batches: 18.212670
 Saving model to: /data/home/gbejara1/Documents/Research/Disaggregation/Dataport/VRNN_theano_version/output/gmmAE/18-05-30_09-53_app0/dp_dis1-sch_1.pkl
 Saving best model to: /data/home/gbejara1/Documents/Research/Disaggregation/Dataport/VRNN_theano_version/output/gmmAE/18-05-30_09-53_app0/dp_dis1-sch_1_best.pkl
 MONITORING STEP. Elapsed time: 1603.776750 epochs 142 batches seen 7140
 Optimization parameters
 Learning rate: 0.000100
 Beta_1: 0.900000
 Beta_2: 0.999000
 this_batch_recon_term: -100.687618
 this_batch_kl_term: 0.427850
 this_batch_nll_upper_bound: -100.259768
 this_batch_mse: 0.111680
 this_batch_mae: 0.103056
 Elapsed time for monitoring all batches: 19.475828
 Saving model to: /data/home/gbejara1/Documents/Research/Disaggregation/Dataport/VRNN_theano_version/output/gmmAE/18-05-30_09-53_app0/dp_dis1-sch_1.pkl
 Saving best model to: /data/home/gbejara1/Documents/Research/Disaggregation/Dataport/VRNN_theano_version/output/gmmAE/18-05-30_09-53_app0/dp_dis1-sch_1_best.pkl
 MONITORING STEP. Elapsed time: 1679.219115 epochs 153 batches seen 7650
 Optimization parameters
 Learning rate: 0.000100
 Beta_1: 0.900000
 Beta_2: 0.999000
 this_batch_recon_term: -100.407257
 this_batch_kl_term: 0.535036
 this_batch_nll_upper_bound: -99.872222
 this_batch_mse: 0.113036
 this_batch_mae: 0.103691
 Elapsed time for monitoring all batches: 19.904440
 Saving model to: /data/home/gbejara1/Documents/Research/Disaggregation/Dataport/VRNN_theano_version/output/gmmAE/18-05-30_09-53_app0/dp_dis1-sch_1.pkl
 Saving best model to: /data/home/gbejara1/Documents/Research/Disaggregation/Dataport/VRNN_theano_version/output/gmmAE/18-05-30_09-53_app0/dp_dis1-sch_1_best.pkl
 MONITORING STEP. Elapsed time: 1691.510074 epochs 163 batches seen 8160
 Optimization parameters
 Learning rate: 0.000100
 Beta_1: 0.900000
 Beta_2: 0.999000
 this_batch_recon_term: -101.042760
 this_batch_kl_term: 0.580831
 this_batch_nll_upper_bound: -100.461929
 this_batch_mse: 0.113129
 this_batch_mae: 0.102978
 Elapsed time for monitoring all batches: 19.940859
 Saving model to: /data/home/gbejara1/Documents/Research/Disaggregation/Dataport/VRNN_theano_version/output/gmmAE/18-05-30_09-53_app0/dp_dis1-sch_1.pkl
 MONITORING STEP. Elapsed time: 1687.518004 epochs 173 batches seen 8670
 Optimization parameters
 Learning rate: 0.000100
 Beta_1: 0.900000
 Beta_2: 0.999000
 this_batch_recon_term: -100.913048
 this_batch_kl_term: 0.576840
 this_batch_nll_upper_bound: -100.336208
 this_batch_mse: 0.114211
 this_batch_mae: 0.103307
 Elapsed time for monitoring all batches: 19.924382
 Saving model to: /data/home/gbejara1/Documents/Research/Disaggregation/Dataport/VRNN_theano_version/output/gmmAE/18-05-30_09-53_app0/dp_dis1-sch_1.pkl
 MONITORING STEP. Elapsed time: 1689.591492 epochs 183 batches seen 9180
 Optimization parameters
 Learning rate: 0.000100
 Beta_1: 0.900000
 Beta_2: 0.999000
 this_batch_recon_term: -101.379980
 this_batch_kl_term: 0.591196
 this_batch_nll_upper_bound: -100.788784
 this_batch_mse: 0.113308
 this_batch_mae: 0.102689
 Elapsed time for monitoring all batches: 19.764699
 Saving model to: /data/home/gbejara1/Documents/Research/Disaggregation/Dataport/VRNN_theano_version/output/gmmAE/18-05-30_09-53_app0/dp_dis1-sch_1.pkl
 MONITORING STEP. Elapsed time: 1690.869754 epochs 193 batches seen 9690
 Optimization parameters
 Learning rate: 0.000100
 Beta_1: 0.900000
 Beta_2: 0.999000
 this_batch_recon_term: -101.683218
 this_batch_kl_term: 0.607054
 this_batch_nll_upper_bound: -101.076164
 this_batch_mse: 0.113047
 this_batch_mae: 0.102220
 Elapsed time for monitoring all batches: 19.918678
 Saving model to: /data/home/gbejara1/Documents/Research/Disaggregation/Dataport/VRNN_theano_version/output/gmmAE/18-05-30_09-53_app0/dp_dis1-sch_1.pkl
 Saving best model to: /data/home/gbejara1/Documents/Research/Disaggregation/Dataport/VRNN_theano_version/output/gmmAE/18-05-30_09-53_app0/dp_dis1-sch_1_best.pkl
 MONITORING STEP. Elapsed time: 1690.297848 epochs 200 batches seen 10000
 Optimization parameters
 Learning rate: 0.000100
 Beta_1: 0.900000
 Beta_2: 0.999000
 this_batch_recon_term: -101.257946
 this_batch_kl_term: 0.592294
 this_batch_nll_upper_bound: -100.665652
 this_batch_mse: 0.112671
 this_batch_mae: 0.102591
 Elapsed time for monitoring all batches: 19.592370
 Saving model to: /data/home/gbejara1/Documents/Research/Disaggregation/Dataport/VRNN_theano_version/output/gmmAE/18-05-30_09-53_app0/dp_dis1-sch_1.pkl
 Saving best model to: /data/home/gbejara1/Documents/Research/Disaggregation/Dataport/VRNN_theano_version/output/gmmAE/18-05-30_09-53_app0/dp_dis1-sch_1_best.pkl
Terminating main loop
Closing remaining open files:/data/home/gbejara1/Documents/Research/Disaggregation/Dataport/datasets/dataid_8292_minute.h5...done/data/home/gbejara1/Documents/Research/Disaggregation/Dataport/datasets/dataid_7951_minute.h5...done/data/home/gbejara1/Documents/Research/Disaggregation/Dataport/datasets/dataid_3413_minute.h5...done/data/home/gbejara1/Documents/Research/Disaggregation/Dataport/datasets/dataid_2859_minute.h5...done/data/home/gbejara1/Documents/Research/Disaggregation/Dataport/datasets/dataid_6990_minute.h5...done
trial no. 1
batch size 300
learning rate 0.001000
saving pkl file 'dp_dis1-sch_1'
to the save path '/data/home/gbejara1/Documents/Research/Disaggregation/Dataport/VRNN_theano_version/output/gmmAE/18-05-30_09-53_app0'
2859
525239
('Indexes: ', 315143, 420191, 525239)
('Shapes before filtering ', (10504, 30), (3501, 30), (3502, 30), (10504, 30, 8), (3501, 30, 8), (3502, 30, 8))
('cond array shape ', (1, 10504, 30))
('len index ', 1, ' shape ', 2393)
('cond array shape ', (1, 3501, 30))
('len index ', 1, ' shape ', 825)
('cond array shape ', (1, 3502, 30))
('len index ', 1, ' shape ', 773)
('Shapes after filtering for one app ', (2393, 30), (825, 30), (773, 30), (2393, 30, 1), (825, 30, 1), (773, 30, 1))
('One more building ', (0, 30), (0, 30), (0, 30), (0, 30, 1), (0, 30, 1), (0, 30, 1))
((2393, 30), (2393, 30, 1))
8292
525239
('Indexes: ', 315143, 420191, 525239)
('Shapes before filtering ', (10504, 30), (3501, 30), (3502, 30), (10504, 30, 8), (3501, 30, 8), (3502, 30, 8))
('cond array shape ', (1, 10504, 30))
('len index ', 1, ' shape ', 2242)
('cond array shape ', (1, 3501, 30))
('len index ', 1, ' shape ', 776)
('cond array shape ', (1, 3502, 30))
('len index ', 1, ' shape ', 775)
('Shapes after filtering for one app ', (2242, 30), (776, 30), (775, 30), (2242, 30, 1), (776, 30, 1), (775, 30, 1))
('One more building ', (2393, 30), (825, 30), (773, 30), (2393, 30, 1), (825, 30, 1), (773, 30, 1))
((2242, 30), (2242, 30, 1))
3413
525239
('Indexes: ', 315143, 420191, 525239)
('Shapes before filtering ', (10504, 30), (3501, 30), (3502, 30), (10504, 30, 8), (3501, 30, 8), (3502, 30, 8))
('cond array shape ', (1, 10504, 30))
('len index ', 1, ' shape ', 4021)
('cond array shape ', (1, 3501, 30))
('len index ', 1, ' shape ', 1353)
('cond array shape ', (1, 3502, 30))
('len index ', 1, ' shape ', 1328)
('Shapes after filtering for one app ', (4021, 30), (1353, 30), (1328, 30), (4021, 30, 1), (1353, 30, 1), (1328, 30, 1))
('One more building ', (4635, 30), (1601, 30), (1548, 30), (4635, 30, 1), (1601, 30, 1), (1548, 30, 1))
((4021, 30), (4021, 30, 1))
6990
525239
('Indexes: ', 315143, 420191, 525239)
('Shapes before filtering ', (10504, 30), (3501, 30), (3502, 30), (10504, 30, 8), (3501, 30, 8), (3502, 30, 8))
('cond array shape ', (1, 10504, 30))
('len index ', 1, ' shape ', 4040)
('cond array shape ', (1, 3501, 30))
('len index ', 1, ' shape ', 1345)
('cond array shape ', (1, 3502, 30))
('len index ', 1, ' shape ', 1370)
('Shapes after filtering for one app ', (4040, 30), (1345, 30), (1370, 30), (4040, 30, 1), (1345, 30, 1), (1370, 30, 1))
('One more building ', (8656, 30), (2954, 30), (2876, 30), (8656, 30, 1), (2954, 30, 1), (2876, 30, 1))
((4040, 30), (4040, 30, 1))
7951
525239
('Indexes: ', 315143, 420191, 525239)
('Shapes before filtering ', (10504, 30), (3501, 30), (3502, 30), (10504, 30, 8), (3501, 30, 8), (3502, 30, 8))
('cond array shape ', (1, 10504, 30))
('len index ', 1, ' shape ', 2532)
('cond array shape ', (1, 3501, 30))
('len index ', 1, ' shape ', 868)
('cond array shape ', (1, 3502, 30))
('len index ', 1, ' shape ', 903)
('Shapes after filtering for one app ', (2532, 30), (868, 30), (903, 30), (2532, 30, 1), (868, 30, 1), (903, 30, 1))
('One more building ', (12696, 30), (4299, 30), (4246, 30), (12696, 30, 1), (4299, 30, 1), (4246, 30, 1))
((2532, 30), (2532, 30, 1))
((15228, 30), (5167, 30), (5149, 30), (15228, 30, 1), (5167, 30, 1), (5149, 30, 1))
(0, 0)
(<type 'list'>, 5)
Elapsed compilation time: 484.128650
Initial dictionary 
[]
17
nll_upper_bound: 54.3340955685 recon_term: 53.8001113059 kl_term: 0.533984262599 mse: 2.84715470638 mae: 1.32079447178 
Epoch: 1 - seched rate: 0.96668497107
Epoch: 2 - seched rate: 0.965594605528
Epoch: 3 - seched rate: 0.964469865124
Epoch: 4 - seched rate: 0.963309753158
Epoch: 5 - seched rate: 0.9621132498
Epoch: 6 - seched rate: 0.960879311938
Epoch: 7 - seched rate: 0.959606873068
Epoch: 8 - seched rate: 0.958294843211
Epoch: 9 - seched rate: 0.956942108867
Epoch: 10 - seched rate: 0.955547533006
17
nll_upper_bound: -52.1785773192 recon_term: -52.6630514569 kl_term: 0.484474137726 mse: 0.331020553496 mae: 0.266594759269 
early stopping
['recon_term', 'kl_term', 'update', 'epoch', 'mae', 'monitoring_time', 'time', 'nll_upper_bound', 'mse']
Epoch: 11 - seched rate: 0.954109955105
Epoch: 12 - seched rate: 0.952628191222
Epoch: 13 - seched rate: 0.951101034128
Epoch: 14 - seched rate: 0.949527253476
Epoch: 15 - seched rate: 0.94790559604
Epoch: 16 - seched rate: 0.946234786001
Epoch: 17 - seched rate: 0.944513525302
Epoch: 18 - seched rate: 0.942740494063
Epoch: 19 - seched rate: 0.940914351068
Epoch: 20 - seched rate: 0.939033734331
17
nll_upper_bound: -66.2045595417 recon_term: -67.0842252225 kl_term: 0.879665680822 mse: 0.222322277136 mae: 0.180672013313 
early stopping
['recon_term', 'kl_term', 'update', 'epoch', 'mae', 'monitoring_time', 'time', 'nll_upper_bound', 'mse']
Epoch: 21 - seched rate: 0.937097261734
Epoch: 22 - seched rate: 0.935103531745
Epoch: 23 - seched rate: 0.933051124232
Epoch: 24 - seched rate: 0.930938601359
Epoch: 25 - seched rate: 0.928764508581
Epoch: 26 - seched rate: 0.926527375741
Epoch: 27 - seched rate: 0.924225718265
Epoch: 28 - seched rate: 0.92185803847
Epoch: 29 - seched rate: 0.919422826984
Epoch: 30 - seched rate: 0.916918564284
17
nll_upper_bound: -62.8257549181 recon_term: -63.329807319 kl_term: 0.504052400941 mse: 0.198325856247 mae: 0.195734356239 
early stopping
['recon_term', 'kl_term', 'update', 'epoch', 'mae', 'monitoring_time', 'time', 'nll_upper_bound', 'mse']
Epoch: 31 - seched rate: 0.914343722353
Epoch: 32 - seched rate: 0.91169676646
Epoch: 33 - seched rate: 0.908976157078
Epoch: 34 - seched rate: 0.906180351924
Epoch: 35 - seched rate: 0.903307808144
Epoch: 36 - seched rate: 0.900356984628
Epoch: 37 - seched rate: 0.897326344477
Epoch: 38 - seched rate: 0.894214357607
Epoch: 39 - seched rate: 0.891019503501
Epoch: 40 - seched rate: 0.88774027411
17
nll_upper_bound: -67.9511588743 recon_term: -68.125948542 kl_term: 0.17478966778 mse: 0.17616220345 mae: 0.169249824173 
early stopping
['recon_term', 'kl_term', 'update', 'epoch', 'mae', 'monitoring_time', 'time', 'nll_upper_bound', 'mse']
Epoch: 41 - seched rate: 0.884375176902
Epoch: 42 - seched rate: 0.880922738061
Epoch: 43 - seched rate: 0.87738150583
Epoch: 44 - seched rate: 0.873750054009
Epoch: 45 - seched rate: 0.870026985592
Epoch: 46 - seched rate: 0.866210936555
Epoch: 47 - seched rate: 0.862300579773
Epoch: 48 - seched rate: 0.858294629082
Epoch: 49 - seched rate: 0.854191843469
Epoch: 50 - seched rate: 0.849991031379
Epoch: 51 - seched rate: 0.845691055149
17
nll_upper_bound: -56.2802868186 recon_term: -56.5339265058 kl_term: 0.253639687277 mse: 0.177325545068 mae: 0.183681808962 
early stopping
['recon_term', 'kl_term', 'update', 'epoch', 'mae', 'monitoring_time', 'time', 'nll_upper_bound', 'mse']
Epoch: 52 - seched rate: 0.841290835537
Epoch: 53 - seched rate: 0.836789356361
Epoch: 54 - seched rate: 0.832185669211
Epoch: 55 - seched rate: 0.827478898247
Epoch: 56 - seched rate: 0.82266824505
Epoch: 57 - seched rate: 0.817752993516
Epoch: 58 - seched rate: 0.812732514792
Epoch: 59 - seched rate: 0.807606272204
Epoch: 60 - seched rate: 0.802373826197
Epoch: 61 - seched rate: 0.797034839234
17
nll_upper_bound: -75.0030097772 recon_term: -75.2649620286 kl_term: 0.261952251394 mse: 0.148113804895 mae: 0.15451320086 
early stopping
['recon_term', 'kl_term', 'update', 'epoch', 'mae', 'monitoring_time', 'time', 'nll_upper_bound', 'mse']
Epoch: 62 - seched rate: 0.791589080651
Epoch: 63 - seched rate: 0.786036431445
Epoch: 64 - seched rate: 0.78037688896
Epoch: 65 - seched rate: 0.774610571458
Epoch: 66 - seched rate: 0.768737722549
Epoch: 67 - seched rate: 0.762758715443
Epoch: 68 - seched rate: 0.75667405701
Epoch: 69 - seched rate: 0.750484391617
Epoch: 70 - seched rate: 0.744190504707
Epoch: 71 - seched rate: 0.737793326105
17
nll_upper_bound: -74.0271026515 recon_term: -74.5540224891 kl_term: 0.526919837562 mse: 0.164198912264 mae: 0.182349910977 
early stopping
['recon_term', 'kl_term', 'update', 'epoch', 'mae', 'monitoring_time', 'time', 'nll_upper_bound', 'mse']
Epoch: 72 - seched rate: 0.731293933011
Epoch: 73 - seched rate: 0.724693552663
Epoch: 74 - seched rate: 0.717993564637
Epoch: 75 - seched rate: 0.711195502759
Epoch: 76 - seched rate: 0.7043010566
Epoch: 77 - seched rate: 0.697312072547
Epoch: 78 - seched rate: 0.690230554396
Epoch: 79 - seched rate: 0.683058663482
Epoch: 80 - seched rate: 0.6757987183
Epoch: 81 - seched rate: 0.668453193613
17
nll_upper_bound: -84.4425160232 recon_term: -84.8779944196 kl_term: 0.435478396455 mse: 0.14292115739 mae: 0.139769802997 
early stopping
['recon_term', 'kl_term', 'update', 'epoch', 'mae', 'monitoring_time', 'time', 'nll_upper_bound', 'mse']
Epoch: 82 - seched rate: 0.661024719028
Epoch: 83 - seched rate: 0.653516077032
Epoch: 84 - seched rate: 0.645930200478
Epoch: 85 - seched rate: 0.638270169513
Epoch: 86 - seched rate: 0.630539207943
Epoch: 87 - seched rate: 0.62274067905
Epoch: 88 - seched rate: 0.614878080843
Epoch: 89 - seched rate: 0.606955040771
Epoch: 90 - seched rate: 0.598975309899
Epoch: 91 - seched rate: 0.590942756557
17
nll_upper_bound: -88.4194120328 recon_term: -88.8101364608 kl_term: 0.390724427925 mse: 0.140993165184 mae: 0.122315771912 
early stopping
['recon_term', 'kl_term', 'update', 'epoch', 'mae', 'monitoring_time', 'time', 'nll_upper_bound', 'mse']
Epoch: 92 - seched rate: 0.582861359502
Epoch: 93 - seched rate: 0.574735200588
Epoch: 94 - seched rate: 0.566568456986
Epoch: 95 - seched rate: 0.558365392987
Epoch: 96 - seched rate: 0.550130351399
Epoch: 97 - seched rate: 0.541867744599
Epoch: 98 - seched rate: 0.533582045262
Epoch: 99 - seched rate: 0.52527777681
Epoch: 100 - seched rate: 0.516959503625
Epoch: 101 - seched rate: 0.508631821072
Epoch: 102 - seched rate: 0.50029934538
17
nll_upper_bound: -83.1798649902 recon_term: -83.7890677404 kl_term: 0.609202750155 mse: 0.124688126364 mae: 0.110401396524 
early stopping
['recon_term', 'kl_term', 'update', 'epoch', 'mae', 'monitoring_time', 'time', 'nll_upper_bound', 'mse']
Epoch: 103 - seched rate: 0.491966703415
Epoch: 104 - seched rate: 0.483638522416
Epoch: 105 - seched rate: 0.475319419714
Epoch: 106 - seched rate: 0.467013992514
Epoch: 107 - seched rate: 0.45872680776
Epoch: 108 - seched rate: 0.450462392143
Epoch: 109 - seched rate: 0.442225222306
Epoch: 110 - seched rate: 0.43401971527
Epoch: 111 - seched rate: 0.425850219146
Epoch: 112 - seched rate: 0.417721004154
17
nll_upper_bound: -92.4281247515 recon_term: -92.6395982246 kl_term: 0.211473473145 mse: 0.124576331422 mae: 0.108423768772 
early stopping
['recon_term', 'kl_term', 'update', 'epoch', 'mae', 'monitoring_time', 'time', 'nll_upper_bound', 'mse']
Epoch: 113 - seched rate: 0.409636254005
Epoch: 114 - seched rate: 0.401600057663
Epoch: 115 - seched rate: 0.393616401542
Epoch: 116 - seched rate: 0.385689162141
Epoch: 117 - seched rate: 0.377822099166
Epoch: 118 - seched rate: 0.370018849148
Epoch: 119 - seched rate: 0.362282919578
Epoch: 120 - seched rate: 0.354617683581
Epoch: 121 - seched rate: 0.347026375131
Epoch: 122 - seched rate: 0.339512084824
17
nll_upper_bound: -90.9366518864 recon_term: -91.1609242688 kl_term: 0.224272382477 mse: 0.122485479355 mae: 0.108006862396 
early stopping
['recon_term', 'kl_term', 'update', 'epoch', 'mae', 'monitoring_time', 'time', 'nll_upper_bound', 'mse']
Epoch: 123 - seched rate: 0.332077756202
Epoch: 124 - seched rate: 0.324726182647
Epoch: 125 - seched rate: 0.317460004821
Epoch: 126 - seched rate: 0.310281708666
Epoch: 127 - seched rate: 0.303193623937
Epoch: 128 - seched rate: 0.296197923281
Epoch: 129 - seched rate: 0.289296621813
Epoch: 130 - seched rate: 0.282491577214
Epoch: 131 - seched rate: 0.275784490291
Epoch: 132 - seched rate: 0.269176906016
17
nll_upper_bound: -90.9613351877 recon_term: -91.2554562355 kl_term: 0.294121047794 mse: 0.119385089636 mae: 0.106982497882 
early stopping
['recon_term', 'kl_term', 'update', 'epoch', 'mae', 'monitoring_time', 'time', 'nll_upper_bound', 'mse']
Epoch: 133 - seched rate: 0.262670214985
Epoch: 134 - seched rate: 0.25626565531
Epoch: 135 - seched rate: 0.249964314885
Epoch: 136 - seched rate: 0.243767134027
Epoch: 137 - seched rate: 0.237674908446
Epoch: 138 - seched rate: 0.231688292526
Epoch: 139 - seched rate: 0.225807802892
Epoch: 140 - seched rate: 0.220033822223
Epoch: 141 - seched rate: 0.2143666033
Epoch: 142 - seched rate: 0.208806273245
17
nll_upper_bound: -89.9146385796 recon_term: -90.4519374601 kl_term: 0.537298880453 mse: 0.118574130097 mae: 0.106317773164 
early stopping
['recon_term', 'kl_term', 'update', 'epoch', 'mae', 'monitoring_time', 'time', 'nll_upper_bound', 'mse']
Epoch: 143 - seched rate: 0.203352837938
Epoch: 144 - seched rate: 0.19800618658
Epoch: 145 - seched rate: 0.19276609637
Epoch: 146 - seched rate: 0.187632237289
Epoch: 147 - seched rate: 0.182604176946
Epoch: 148 - seched rate: 0.177681385483
Epoch: 149 - seched rate: 0.172863240502
Epoch: 150 - seched rate: 0.168149032005
Epoch: 151 - seched rate: 0.163537967322
Epoch: 152 - seched rate: 0.159029176012
Epoch: 153 - seched rate: 0.15462171472
17
nll_upper_bound: -90.2636735914 recon_term: -90.8840093995 kl_term: 0.62033580808 mse: 0.118620342026 mae: 0.105746209355 
early stopping
['recon_term', 'kl_term', 'update', 'epoch', 'mae', 'monitoring_time', 'time', 'nll_upper_bound', 'mse']
Epoch: 154 - seched rate: 0.150314571973
Epoch: 155 - seched rate: 0.146106672905
Epoch: 156 - seched rate: 0.141996883896
Epoch: 157 - seched rate: 0.137984017116
Epoch: 158 - seched rate: 0.134066834958
Epoch: 159 - seched rate: 0.130244054362
Epoch: 160 - seched rate: 0.12651435101
Epoch: 161 - seched rate: 0.122876363393
Epoch: 162 - seched rate: 0.119328696749
Epoch: 163 - seched rate: 0.115869926852
17
nll_upper_bound: -90.1279353202 recon_term: -90.6073155683 kl_term: 0.479380248084 mse: 0.121981524067 mae: 0.107874794533 
early stopping
['recon_term', 'kl_term', 'update', 'epoch', 'mae', 'monitoring_time', 'time', 'nll_upper_bound', 'mse']
Epoch: 164 - seched rate: 0.112498603663
Epoch: 165 - seched rate: 0.109213254837
Epoch: 166 - seched rate: 0.106012389078
Epoch: 167 - seched rate: 0.102894499349
Epoch: 168 - seched rate: 0.0998580659304
Epoch: 169 - seched rate: 0.0969015593316
Epoch: 170 - seched rate: 0.094023443054
Epoch: 171 - seched rate: 0.0912221762077
Epoch: 172 - seched rate: 0.0884962159839
Epoch: 173 - seched rate: 0.0858440199847
17
nll_upper_bound: -91.3837983834 recon_term: -91.9068652409 kl_term: 0.523066857445 mse: 0.123067357157 mae: 0.107441279427 
early stopping
['recon_term', 'kl_term', 'update', 'epoch', 'mae', 'monitoring_time', 'time', 'nll_upper_bound', 'mse']
Epoch: 174 - seched rate: 0.0832640484144
Epoch: 175 - seched rate: 0.0807547661338
Epoch: 176 - seched rate: 0.0783146445818
Epoch: 177 - seched rate: 0.0759421635677
Epoch: 178 - seched rate: 0.073635812938
Epoch: 179 - seched rate: 0.0713940941217
Epoch: 180 - seched rate: 0.0692155215583
Epoch: 181 - seched rate: 0.0670986240128
Epoch: 182 - seched rate: 0.0650419457814
Epoch: 183 - seched rate: 0.0630440477935
17
nll_upper_bound: -89.7506600074 recon_term: -90.5974006345 kl_term: 0.846740627044 mse: 0.12505572866 mae: 0.108433585562 
early stopping
['recon_term', 'kl_term', 'update', 'epoch', 'mae', 'monitoring_time', 'time', 'nll_upper_bound', 'mse']
Epoch: 184 - seched rate: 0.0611035086135
Epoch: 185 - seched rate: 0.0592189253466
Epoch: 186 - seched rate: 0.0573889144536
Epoch: 187 - seched rate: 0.0556121124792
Epoch: 188 - seched rate: 0.0538871766973
Epoch: 189 - seched rate: 0.052212785678
Epoch: 190 - seched rate: 0.0505876397805
Epoch: 191 - seched rate: 0.0490104615761
Epoch: 192 - seched rate: 0.0474799962045
Epoch: 193 - seched rate: 0.0459950116686
17
nll_upper_bound: -89.3918545994 recon_term: -90.0734760062 kl_term: 0.681621406731 mse: 0.117281138201 mae: 0.105497386114 
early stopping
['recon_term', 'kl_term', 'update', 'epoch', 'mae', 'monitoring_time', 'time', 'nll_upper_bound', 'mse']
Epoch: 194 - seched rate: 0.04455429907
Epoch: 195 - seched rate: 0.04315667279
Epoch: 196 - seched rate: 0.0418009706192
Epoch: 197 - seched rate: 0.0404860538391
Epoch: 198 - seched rate: 0.0392108072588
Epoch: 199 - seched rate: 0.0379741392103
Epoch: 200 - seched rate: 0.036774981505
17
nll_upper_bound: -91.805553206 recon_term: -92.4297902739 kl_term: 0.624237067953 mse: 0.118214521409 mae: 0.105401340753 
early stopping
['recon_term', 'kl_term', 'update', 'epoch', 'mae', 'monitoring_time', 'time', 'nll_upper_bound', 'mse']
(17, 3)
ending
